<?xml version="1.0" encoding="UTF-8"?>
<!-- Generated by org.testng.reporters.JUnitXMLReporter -->
<testsuite ignored="0" hostname="Denizs-MBP-2.fios-router.home" failures="0" tests="3" name="Command line test" time="25.284" errors="0" timestamp="2022-06-07T14:12:35 EDT">
  <testcase classname="scripts.CarsTest" name="validateSignInPageForm" time="3.451"/>
  <testcase classname="scripts.CarsTest" name="validateNotToSignIn" time="4.999"/>
  <testcase classname="scripts.CarsTest" name="validateSignInPageSocialMediaSection" time="2.77"/>
</testsuite> <!-- Command line test -->
